This is XeTeX, Version 3.14159265-2.6-0.999992 (TeX Live 2020/W32TeX) (preloaded format=xelatex 2021.1.20)  22 JAN 2021 18:02
entering extended mode
 restricted \write18 enabled.
 %&-line parsing enabled.
**Boletin-Orinoquia.tex
(./Boletin-Orinoquia.tex
LaTeX2e <2020-10-01> patch level 4
L3 programming layer <2021-01-09> xparse <2020-03-03> (c:/Users/jm/AppData/Roam
ing/TinyTeX/texmf-dist/tex/latex/base/book.cls
Document Class: book 2020/04/10 v1.4m Standard LaTeX document class
(c:/Users/jm/AppData/Roaming/TinyTeX/texmf-dist/tex/latex/base/bk10.clo
File: bk10.clo 2020/04/10 v1.4m Standard LaTeX file (size option)
)
\c@part=\count173
\c@chapter=\count174
\c@section=\count175
\c@subsection=\count176
\c@subsubsection=\count177
\c@paragraph=\count178
\c@subparagraph=\count179
\c@figure=\count180
\c@table=\count181
\abovecaptionskip=\skip47
\belowcaptionskip=\skip48
\bibindent=\dimen138
) (c:/Users/jm/AppData/Roaming/TinyTeX/texmf-dist/tex/latex/lm/lmodern.sty
Package: lmodern 2009/10/30 v1.6 Latin Modern Fonts
LaTeX Font Info:    Overwriting symbol font `operators' in version `normal'
(Font)                  OT1/cmr/m/n --> OT1/lmr/m/n on input line 22.
LaTeX Font Info:    Overwriting symbol font `letters' in version `normal'
(Font)                  OML/cmm/m/it --> OML/lmm/m/it on input line 23.
LaTeX Font Info:    Overwriting symbol font `symbols' in version `normal'
(Font)                  OMS/cmsy/m/n --> OMS/lmsy/m/n on input line 24.
LaTeX Font Info:    Overwriting symbol font `largesymbols' in version `normal'
(Font)                  OMX/cmex/m/n --> OMX/lmex/m/n on input line 25.
LaTeX Font Info:    Overwriting symbol font `operators' in version `bold'
(Font)                  OT1/cmr/bx/n --> OT1/lmr/bx/n on input line 26.
LaTeX Font Info:    Overwriting symbol font `letters' in version `bold'
(Font)                  OML/cmm/b/it --> OML/lmm/b/it on input line 27.
LaTeX Font Info:    Overwriting symbol font `symbols' in version `bold'
(Font)                  OMS/cmsy/b/n --> OMS/lmsy/b/n on input line 28.
LaTeX Font Info:    Overwriting symbol font `largesymbols' in version `bold'
(Font)                  OMX/cmex/m/n --> OMX/lmex/m/n on input line 29.
LaTeX Font Info:    Overwriting math alphabet `\mathbf' in version `normal'
(Font)                  OT1/cmr/bx/n --> OT1/lmr/bx/n on input line 31.
LaTeX Font Info:    Overwriting math alphabet `\mathsf' in version `normal'
(Font)                  OT1/cmss/m/n --> OT1/lmss/m/n on input line 32.
LaTeX Font Info:    Overwriting math alphabet `\mathit' in version `normal'
(Font)                  OT1/cmr/m/it --> OT1/lmr/m/it on input line 33.
LaTeX Font Info:    Overwriting math alphabet `\mathtt' in version `normal'
(Font)                  OT1/cmtt/m/n --> OT1/lmtt/m/n on input line 34.
LaTeX Font Info:    Overwriting math alphabet `\mathbf' in version `bold'
(Font)                  OT1/cmr/bx/n --> OT1/lmr/bx/n on input line 35.
LaTeX Font Info:    Overwriting math alphabet `\mathsf' in version `bold'
(Font)                  OT1/cmss/bx/n --> OT1/lmss/bx/n on input line 36.
LaTeX Font Info:    Overwriting math alphabet `\mathit' in version `bold'
(Font)                  OT1/cmr/bx/it --> OT1/lmr/bx/it on input line 37.
LaTeX Font Info:    Overwriting math alphabet `\mathtt' in version `bold'
(Font)                  OT1/cmtt/m/n --> OT1/lmtt/m/n on input line 38.
) (c:/Users/jm/AppData/Roaming/TinyTeX/texmf-dist/tex/latex/amsfonts/amssymb.st
y
Package: amssymb 2013/01/14 v3.01 AMS font symbols

(c:/Users/jm/AppData/Roaming/TinyTeX/texmf-dist/tex/latex/amsfonts/amsfonts.sty
Package: amsfonts 2013/01/14 v3.01 Basic AMSFonts support
\@emptytoks=\toks15
\symAMSa=\mathgroup4
\symAMSb=\mathgroup5
LaTeX Font Info:    Redeclaring math symbol \hbar on input line 98.
LaTeX Font Info:    Overwriting math alphabet `\mathfrak' in version `bold'
(Font)                  U/euf/m/n --> U/euf/b/n on input line 106.
)) (c:/Users/jm/AppData/Roaming/TinyTeX/texmf-dist/tex/latex/amsmath/amsmath.st
y
Package: amsmath 2020/09/23 v2.17i AMS math features
\@mathmargin=\skip49
For additional information on amsmath, use the `?' option.
(c:/Users/jm/AppData/Roaming/TinyTeX/texmf-dist/tex/latex/amsmath/amstext.sty
Package: amstext 2000/06/29 v2.01 AMS text
(c:/Users/jm/AppData/Roaming/TinyTeX/texmf-dist/tex/latex/amsmath/amsgen.sty
File: amsgen.sty 1999/11/30 v2.0 generic functions
\@emptytoks=\toks16
\ex@=\dimen139
)) (c:/Users/jm/AppData/Roaming/TinyTeX/texmf-dist/tex/latex/amsmath/amsbsy.sty
Package: amsbsy 1999/11/29 v1.2d Bold Symbols
\pmbraise@=\dimen140
) (c:/Users/jm/AppData/Roaming/TinyTeX/texmf-dist/tex/latex/amsmath/amsopn.sty
Package: amsopn 2016/03/08 v2.02 operator names
)
\inf@bad=\count182
LaTeX Info: Redefining \frac on input line 234.
\uproot@=\count183
\leftroot@=\count184
LaTeX Info: Redefining \overline on input line 399.
\classnum@=\count185
\DOTSCASE@=\count186
LaTeX Info: Redefining \ldots on input line 496.
LaTeX Info: Redefining \dots on input line 499.
LaTeX Info: Redefining \cdots on input line 620.
\Mathstrutbox@=\box47
\strutbox@=\box48
\big@size=\dimen141
LaTeX Font Info:    Redeclaring font encoding OML on input line 743.
LaTeX Font Info:    Redeclaring font encoding OMS on input line 744.
\macc@depth=\count187
\c@MaxMatrixCols=\count188
\dotsspace@=\muskip16
\c@parentequation=\count189
\dspbrk@lvl=\count190
\tag@help=\toks17
\row@=\count191
\column@=\count192
\maxfields@=\count193
\andhelp@=\toks18
\eqnshift@=\dimen142
\alignsep@=\dimen143
\tagshift@=\dimen144
\tagwidth@=\dimen145
\totwidth@=\dimen146
\lineht@=\dimen147
\@envbody=\toks19
\multlinegap=\skip50
\multlinetaggap=\skip51
\mathdisplay@stack=\toks20
LaTeX Info: Redefining \[ on input line 2923.
LaTeX Info: Redefining \] on input line 2924.
) (c:/Users/jm/AppData/Roaming/TinyTeX/texmf-dist/tex/generic/iftex/ifxetex.sty
Package: ifxetex 2019/10/25 v0.7 ifxetex legacy package. Use iftex instead.
(c:/Users/jm/AppData/Roaming/TinyTeX/texmf-dist/tex/generic/iftex/iftex.sty
Package: iftex 2020/03/06 v1.0d TeX engine tests
)) (c:/Users/jm/AppData/Roaming/TinyTeX/texmf-dist/tex/generic/iftex/ifluatex.s
ty
Package: ifluatex 2019/10/25 v1.5 ifluatex legacy package. Use iftex instead.
)
(c:/Users/jm/AppData/Roaming/TinyTeX/texmf-dist/tex/latex/unicode-math/unicode-
math.sty (c:/Users/jm/AppData/Roaming/TinyTeX/texmf-dist/tex/latex/l3kernel/exp
l3.sty
Package: expl3 2021-01-09 L3 programming layer (loader) 

(c:/Users/jm/AppData/Roaming/TinyTeX/texmf-dist/tex/latex/l3backend/l3backend-x
etex.def
File: l3backend-xetex.def 2021-01-09 L3 backend support: XeTeX
(|extractbb --version)
\c__kernel_sys_dvipdfmx_version_int=\count194
\g__color_stack_int=\count195
\l__kernel_color_stack_int=\count196
\g__graphics_track_int=\count197
\l__pdf_internal_box=\box49
\g__pdf_backend_object_int=\count198
\g__pdf_backend_annotation_int=\count199
\g__pdf_backend_link_int=\count266
))
Package: unicode-math 2020/01/31 v0.8q Unicode maths in XeLaTeX and LuaLaTeX

(c:/Users/jm/AppData/Roaming/TinyTeX/texmf-dist/tex/latex/unicode-math/unicode-
math-xetex.sty
Package: unicode-math-xetex 2020/01/31 v0.8q Unicode maths in XeLaTeX and LuaLa
TeX

(c:/Users/jm/AppData/Roaming/TinyTeX/texmf-dist/tex/latex/l3packages/xparse/xpa
rse.sty
Package: xparse 2020-10-27 L3 Experimental document command parser

(c:/Users/jm/AppData/Roaming/TinyTeX/texmf-dist/tex/latex/l3packages/xparse/xpa
rse-generic.tex))
(c:/Users/jm/AppData/Roaming/TinyTeX/texmf-dist/tex/latex/l3packages/l3keys2e/l
3keys2e.sty
Package: l3keys2e 2020-10-27 LaTeX2e option processing using LaTeX3 keys
)
(c:/Users/jm/AppData/Roaming/TinyTeX/texmf-dist/tex/latex/fontspec/fontspec.sty
Package: fontspec 2020/02/21 v2.7i Font selection for XeLaTeX and LuaLaTeX

(c:/Users/jm/AppData/Roaming/TinyTeX/texmf-dist/tex/latex/fontspec/fontspec-xet
ex.sty
Package: fontspec-xetex 2020/02/21 v2.7i Font selection for XeLaTeX and LuaLaTe
X
\l__fontspec_script_int=\count267
\l__fontspec_language_int=\count268
\l__fontspec_strnum_int=\count269
\l__fontspec_tmp_int=\count270
\l__fontspec_tmpa_int=\count271
\l__fontspec_tmpb_int=\count272
\l__fontspec_tmpc_int=\count273
\l__fontspec_em_int=\count274
\l__fontspec_emdef_int=\count275
\l__fontspec_strong_int=\count276
\l__fontspec_strongdef_int=\count277
\l__fontspec_tmpa_dim=\dimen148
\l__fontspec_tmpb_dim=\dimen149
\l__fontspec_tmpc_dim=\dimen150
(c:/Users/jm/AppData/Roaming/TinyTeX/texmf-dist/tex/latex/base/fontenc.sty
Package: fontenc 2020/08/10 v2.0s Standard LaTeX package
)
(c:/Users/jm/AppData/Roaming/TinyTeX/texmf-dist/tex/latex/fontspec/fontspec.cfg
))) (c:/Users/jm/AppData/Roaming/TinyTeX/texmf-dist/tex/latex/base/fix-cm.sty
Package: fix-cm 2015/01/14 v1.1t fixes to LaTeX
(c:/Users/jm/AppData/Roaming/TinyTeX/texmf-dist/tex/latex/base/ts1enc.def
File: ts1enc.def 2001/06/05 v3.0e (jk/car/fm) Standard LaTeX file
LaTeX Font Info:    Redeclaring font encoding TS1 on input line 47.
))
\g__um_fam_int=\count278
\g__um_fonts_used_int=\count279
\l__um_primecount_int=\count280
\g__um_primekern_muskip=\muskip17

(c:/Users/jm/AppData/Roaming/TinyTeX/texmf-dist/tex/latex/unicode-math/unicode-
math-table.tex)))
(c:/Users/jm/AppData/Roaming/TinyTeX/texmf-dist/tex/latex/microtype/microtype.s
ty
Package: microtype 2020/12/07 v2.8 Micro-typographical refinements (RS)
(c:/Users/jm/AppData/Roaming/TinyTeX/texmf-dist/tex/latex/graphics/keyval.sty
Package: keyval 2014/10/28 v1.15 key=value parser (DPC)
\KV@toks@=\toks21
)
\MT@toks=\toks22
\MT@count=\count281
LaTeX Info: Redefining \textls on input line 788.
\MT@outer@kern=\dimen151
LaTeX Info: Redefining \textmicrotypecontext on input line 1358.
\MT@listname@count=\count282

(c:/Users/jm/AppData/Roaming/TinyTeX/texmf-dist/tex/latex/microtype/microtype-x
etex.def
File: microtype-xetex.def 2020/12/07 v2.8 Definitions specific to xetex (RS)
LaTeX Info: Redefining \lsstyle on input line 254.
)
Package microtype Info: Loading configuration file microtype.cfg.

(c:/Users/jm/AppData/Roaming/TinyTeX/texmf-dist/tex/latex/microtype/microtype.c
fg
File: microtype.cfg 2020/12/07 v2.8 microtype main configuration file (RS)
)) (c:/Users/jm/AppData/Roaming/TinyTeX/texmf-dist/tex/latex/parskip/parskip.st
y
Package: parskip 2020-06-15 v2.0f non-zero parskip adjustments

(c:/Users/jm/AppData/Roaming/TinyTeX/texmf-dist/tex/latex/kvoptions/kvoptions.s
ty
Package: kvoptions 2020-10-07 v3.14 Key value format for package options (HO)

(c:/Users/jm/AppData/Roaming/TinyTeX/texmf-dist/tex/generic/ltxcmds/ltxcmds.sty
Package: ltxcmds 2020-05-10 v1.25 LaTeX kernel commands for general use (HO)
)
(c:/Users/jm/AppData/Roaming/TinyTeX/texmf-dist/tex/generic/kvsetkeys/kvsetkeys
.sty
Package: kvsetkeys 2019/12/15 v1.18 Key value parser (HO)
))
(c:/Users/jm/AppData/Roaming/TinyTeX/texmf-dist/tex/latex/etoolbox/etoolbox.sty
Package: etoolbox 2020/10/05 v2.5k e-TeX tools for LaTeX (JAW)
\etb@tempcnta=\count283
)) (c:/Users/jm/AppData/Roaming/TinyTeX/texmf-dist/tex/latex/xcolor/xcolor.sty
Package: xcolor 2016/05/11 v2.12 LaTeX color extensions (UK)

(c:/Users/jm/AppData/Roaming/TinyTeX/texmf-dist/tex/latex/graphics-cfg/color.cf
g
File: color.cfg 2016/01/02 v1.6 sample color configuration
)
Package xcolor Info: Driver file: xetex.def on input line 225.

(c:/Users/jm/AppData/Roaming/TinyTeX/texmf-dist/tex/latex/graphics-def/xetex.de
f
File: xetex.def 2020/08/26 v5.0i Graphics/color driver for xetex
)
Package xcolor Info: Model `cmy' substituted by `cmy0' on input line 1348.
Package xcolor Info: Model `RGB' extended on input line 1364.
Package xcolor Info: Model `HTML' substituted by `rgb' on input line 1366.
Package xcolor Info: Model `Hsb' substituted by `hsb' on input line 1367.
Package xcolor Info: Model `tHsb' substituted by `hsb' on input line 1368.
Package xcolor Info: Model `HSB' substituted by `hsb' on input line 1369.
Package xcolor Info: Model `Gray' substituted by `gray' on input line 1370.
Package xcolor Info: Model `wave' substituted by `hsb' on input line 1371.
)
(c:/Users/jm/AppData/Roaming/TinyTeX/texmf-dist/tex/latex/hyperref/hyperref.sty
Package: hyperref 2020-05-15 v7.00e Hypertext links for LaTeX

(c:/Users/jm/AppData/Roaming/TinyTeX/texmf-dist/tex/generic/pdftexcmds/pdftexcm
ds.sty
Package: pdftexcmds 2020-06-27 v0.33 Utility functions of pdfTeX for LuaTeX (HO
)

(c:/Users/jm/AppData/Roaming/TinyTeX/texmf-dist/tex/generic/infwarerr/infwarerr
.sty
Package: infwarerr 2019/12/03 v1.5 Providing info/warning/error messages (HO)
)
Package pdftexcmds Info: \pdf@primitive is available.
Package pdftexcmds Info: \pdf@ifprimitive is available.
Package pdftexcmds Info: \pdfdraftmode not found.
)
(c:/Users/jm/AppData/Roaming/TinyTeX/texmf-dist/tex/generic/kvdefinekeys/kvdefi
nekeys.sty
Package: kvdefinekeys 2019-12-19 v1.6 Define keys (HO)
)
(c:/Users/jm/AppData/Roaming/TinyTeX/texmf-dist/tex/generic/pdfescape/pdfescape
.sty
Package: pdfescape 2019/12/09 v1.15 Implements pdfTeX's escape features (HO)
) (c:/Users/jm/AppData/Roaming/TinyTeX/texmf-dist/tex/latex/hycolor/hycolor.sty
Package: hycolor 2020-01-27 v1.10 Color options for hyperref/bookmark (HO)
)
(c:/Users/jm/AppData/Roaming/TinyTeX/texmf-dist/tex/latex/letltxmacro/letltxmac
ro.sty
Package: letltxmacro 2019/12/03 v1.6 Let assignment for LaTeX macros (HO)
) (c:/Users/jm/AppData/Roaming/TinyTeX/texmf-dist/tex/latex/auxhook/auxhook.sty
Package: auxhook 2019-12-17 v1.6 Hooks for auxiliary files (HO)
)
\@linkdim=\dimen152
\Hy@linkcounter=\count284
\Hy@pagecounter=\count285
(c:/Users/jm/AppData/Roaming/TinyTeX/texmf-dist/tex/latex/hyperref/pd1enc.def
File: pd1enc.def 2020-05-15 v7.00e Hyperref: PDFDocEncoding definition (HO)
)
(c:/Users/jm/AppData/Roaming/TinyTeX/texmf-dist/tex/generic/intcalc/intcalc.sty
Package: intcalc 2019/12/15 v1.3 Expandable calculations with integers (HO)
)
(c:/Users/jm/AppData/Roaming/TinyTeX/texmf-dist/tex/generic/etexcmds/etexcmds.s
ty
Package: etexcmds 2019/12/15 v1.7 Avoid name clashes with e-TeX commands (HO)
)
\Hy@SavedSpaceFactor=\count286
Package hyperref Info: Option `unicode' set `true' on input line 4338.
(c:/Users/jm/AppData/Roaming/TinyTeX/texmf-dist/tex/latex/hyperref/puenc.def
File: puenc.def 2020-05-15 v7.00e Hyperref: PDF Unicode definition (HO)
)
Package hyperref Info: Hyper figures OFF on input line 4464.
Package hyperref Info: Link nesting OFF on input line 4469.
Package hyperref Info: Hyper index ON on input line 4472.
Package hyperref Info: Plain pages OFF on input line 4479.
Package hyperref Info: Backreferencing OFF on input line 4484.
Package hyperref Info: Implicit mode ON; LaTeX internals redefined.
Package hyperref Info: Bookmarks ON on input line 4717.
\c@Hy@tempcnt=\count287
(c:/Users/jm/AppData/Roaming/TinyTeX/texmf-dist/tex/latex/url/url.sty
\Urlmuskip=\muskip18
Package: url 2013/09/16  ver 3.4  Verb mode for urls, etc.
)
LaTeX Info: Redefining \url on input line 5076.
\XeTeXLinkMargin=\dimen153
(c:/Users/jm/AppData/Roaming/TinyTeX/texmf-dist/tex/generic/bitset/bitset.sty
Package: bitset 2019/12/09 v1.3 Handle bit-vector datatype (HO)

(c:/Users/jm/AppData/Roaming/TinyTeX/texmf-dist/tex/generic/bigintcalc/bigintca
lc.sty
Package: bigintcalc 2019/12/15 v1.5 Expandable calculations on big integers (HO
)
))
\Fld@menulength=\count288
\Field@Width=\dimen154
\Fld@charsize=\dimen155
Package hyperref Info: Hyper figures OFF on input line 6347.
Package hyperref Info: Link nesting OFF on input line 6352.
Package hyperref Info: Hyper index ON on input line 6355.
Package hyperref Info: backreferencing OFF on input line 6362.
Package hyperref Info: Link coloring OFF on input line 6367.
Package hyperref Info: Link coloring with OCG OFF on input line 6372.
Package hyperref Info: PDF/A mode OFF on input line 6377.
LaTeX Info: Redefining \ref on input line 6417.
LaTeX Info: Redefining \pageref on input line 6421.

(c:/Users/jm/AppData/Roaming/TinyTeX/texmf-dist/tex/latex/base/atbegshi-ltx.sty
Package: atbegshi-ltx 2020/08/17 v1.0a Emulation of the original atbegshi packa
ge
with kernel methods
)
\Hy@abspage=\count289
\c@Item=\count290
\c@Hfootnote=\count291
)
Package hyperref Info: Driver (autodetected): hxetex.
(c:/Users/jm/AppData/Roaming/TinyTeX/texmf-dist/tex/latex/hyperref/hxetex.def
File: hxetex.def 2020-05-15 v7.00e Hyperref driver for XeTeX

(c:/Users/jm/AppData/Roaming/TinyTeX/texmf-dist/tex/generic/stringenc/stringenc
.sty
Package: stringenc 2019/11/29 v1.12 Convert strings between diff. encodings (HO
)
)
\pdfm@box=\box50
\c@Hy@AnnotLevel=\count292
\HyField@AnnotCount=\count293
\Fld@listcount=\count294
\c@bookmark@seq@number=\count295

(c:/Users/jm/AppData/Roaming/TinyTeX/texmf-dist/tex/latex/rerunfilecheck/rerunf
ilecheck.sty
Package: rerunfilecheck 2019/12/05 v1.9 Rerun checks for auxiliary files (HO)

(c:/Users/jm/AppData/Roaming/TinyTeX/texmf-dist/tex/latex/base/atveryend-ltx.st
y
Package: atveryend-ltx 2020/08/19 v1.0a Emulation of the original atvery packag
e
with kernel methods
)
(c:/Users/jm/AppData/Roaming/TinyTeX/texmf-dist/tex/generic/uniquecounter/uniqu
ecounter.sty
Package: uniquecounter 2019/12/15 v1.4 Provide unlimited unique counter (HO)
)
Package uniquecounter Info: New unique counter `rerunfilecheck' on input line 2
86.
)
\Hy@SectionHShift=\skip52
) (c:/Users/jm/AppData/Roaming/TinyTeX/texmf-dist/tex/latex/tools/longtable.sty
Package: longtable 2020/01/07 v4.13 Multi-page Table package (DPC)
\LTleft=\skip53
\LTright=\skip54
\LTpre=\skip55
\LTpost=\skip56
\LTchunksize=\count296
\LTcapwidth=\dimen156
\LT@head=\box51
\LT@firsthead=\box52
\LT@foot=\box53
\LT@lastfoot=\box54
\LT@cols=\count297
\LT@rows=\count298
\c@LT@tables=\count299
\c@LT@chunks=\count300
\LT@p@ftn=\toks23
)
(c:/Users/jm/AppData/Roaming/TinyTeX/texmf-dist/tex/latex/booktabs/booktabs.sty
Package: booktabs 2020/01/12 v1.61803398 Publication quality tables
\heavyrulewidth=\dimen157
\lightrulewidth=\dimen158
\cmidrulewidth=\dimen159
\belowrulesep=\dimen160
\belowbottomsep=\dimen161
\aboverulesep=\dimen162
\abovetopsep=\dimen163
\cmidrulesep=\dimen164
\cmidrulekern=\dimen165
\defaultaddspace=\dimen166
\@cmidla=\count301
\@cmidlb=\count302
\@aboverulesep=\dimen167
\@belowrulesep=\dimen168
\@thisruleclass=\count303
\@lastruleclass=\count304
\@thisrulewidth=\dimen169
)
(c:/Users/jm/AppData/Roaming/TinyTeX/texmf-dist/tex/latex/mdwtools/footnote.sty
Package: footnote 1997/01/28 1.13 Save footnotes around boxes
\fn@notes=\box55
\fn@width=\dimen170
)
(c:/Users/jm/AppData/Roaming/TinyTeX/texmf-dist/tex/latex/graphics/graphicx.sty
Package: graphicx 2020/09/09 v1.2b Enhanced LaTeX Graphics (DPC,SPQR)

(c:/Users/jm/AppData/Roaming/TinyTeX/texmf-dist/tex/latex/graphics/graphics.sty
Package: graphics 2020/08/30 v1.4c Standard LaTeX Graphics (DPC,SPQR)
(c:/Users/jm/AppData/Roaming/TinyTeX/texmf-dist/tex/latex/graphics/trig.sty
Package: trig 2016/01/03 v1.10 sin cos tan (DPC)
)
(c:/Users/jm/AppData/Roaming/TinyTeX/texmf-dist/tex/latex/graphics-cfg/graphics
.cfg
File: graphics.cfg 2016/06/04 v1.11 sample graphics configuration
)
Package graphics Info: Driver file: xetex.def on input line 105.
)
\Gin@req@height=\dimen171
\Gin@req@width=\dimen172
)
(c:/Users/jm/AppData/Roaming/TinyTeX/texmf-dist/tex/latex/geometry/geometry.sty
Package: geometry 2020/01/02 v5.9 Page Geometry
(c:/Users/jm/AppData/Roaming/TinyTeX/texmf-dist/tex/generic/iftex/ifvtex.sty
Package: ifvtex 2019/10/25 v1.7 ifvtex legacy package. Use iftex instead.
)
\Gm@cnth=\count305
\Gm@cntv=\count306
\c@Gm@tempcnt=\count307
\Gm@bindingoffset=\dimen173
\Gm@wd@mp=\dimen174
\Gm@odd@mp=\dimen175
\Gm@even@mp=\dimen176
\Gm@layoutwidth=\dimen177
\Gm@layoutheight=\dimen178
\Gm@layouthoffset=\dimen179
\Gm@layoutvoffset=\dimen180
\Gm@dimlist=\toks24
) (c:/Users/jm/AppData/Roaming/TinyTeX/texmf-dist/tex/latex/natbib/natbib.sty
Package: natbib 2010/09/13 8.31b (PWD, AO)
\bibhang=\skip57
\bibsep=\skip58
LaTeX Info: Redefining \cite on input line 694.
\c@NAT@ctr=\count308
) (./Boletin-Orinoquia.aux)
\openout1 = `Boletin-Orinoquia.aux'.

LaTeX Font Info:    Checking defaults for OML/cmm/m/it on input line 79.
LaTeX Font Info:    ... okay on input line 79.
LaTeX Font Info:    Checking defaults for OMS/cmsy/m/n on input line 79.
LaTeX Font Info:    ... okay on input line 79.
LaTeX Font Info:    Checking defaults for OT1/cmr/m/n on input line 79.
LaTeX Font Info:    ... okay on input line 79.
LaTeX Font Info:    Checking defaults for T1/cmr/m/n on input line 79.
LaTeX Font Info:    ... okay on input line 79.
LaTeX Font Info:    Checking defaults for TS1/cmr/m/n on input line 79.
LaTeX Font Info:    ... okay on input line 79.
LaTeX Font Info:    Checking defaults for TU/lmr/m/n on input line 79.
LaTeX Font Info:    ... okay on input line 79.
LaTeX Font Info:    Checking defaults for OMX/cmex/m/n on input line 79.
LaTeX Font Info:    ... okay on input line 79.
LaTeX Font Info:    Checking defaults for U/cmr/m/n on input line 79.
LaTeX Font Info:    ... okay on input line 79.
LaTeX Font Info:    Checking defaults for PD1/pdf/m/n on input line 79.
LaTeX Font Info:    ... okay on input line 79.
LaTeX Font Info:    Checking defaults for PU/pdf/m/n on input line 79.
LaTeX Font Info:    ... okay on input line 79.
LaTeX Font Info:    Overwriting math alphabet `\mathrm' in version `normal'
(Font)                  OT1/lmr/m/n --> TU/lmr/m/n on input line 79.
LaTeX Font Info:    Overwriting math alphabet `\mathit' in version `normal'
(Font)                  OT1/lmr/m/it --> TU/lmr/m/it on input line 79.
LaTeX Font Info:    Overwriting math alphabet `\mathbf' in version `normal'
(Font)                  OT1/lmr/bx/n --> TU/lmr/bx/n on input line 79.
LaTeX Font Info:    Overwriting math alphabet `\mathsf' in version `normal'
(Font)                  OT1/lmss/m/n --> TU/lmss/m/n on input line 79.
LaTeX Font Info:    Overwriting math alphabet `\mathsf' in version `bold'
(Font)                  OT1/lmss/bx/n --> TU/lmss/bx/n on input line 79.
LaTeX Font Info:    Overwriting math alphabet `\mathtt' in version `normal'
(Font)                  OT1/lmtt/m/n --> TU/lmtt/m/n on input line 79.
LaTeX Font Info:    Overwriting math alphabet `\mathtt' in version `bold'
(Font)                  OT1/lmtt/m/n --> TU/lmtt/bx/n on input line 79.

Package fontspec Info: latinmodern-math scale = 0.9999964596882403.


Package fontspec Info: latinmodern-math scale = 0.9999964596882403.


Package fontspec Info: latinmodern-math scale = 0.9999964596882403.


Package fontspec Info: Font family 'latinmodern-math.otf(0)' created for font
(fontspec)             'latinmodern-math.otf' with options
(fontspec)             [Scale=MatchLowercase,BoldItalicFont={},ItalicFont={},Sm
allCapsFont={},Script=Math,BoldFont={latinmodern-math.otf}].
(fontspec)              
(fontspec)              This font family consists of the following NFSS
(fontspec)             series/shapes:
(fontspec)              
(fontspec)             - 'normal' (m/n) with NFSS spec.:
(fontspec)             <->s*[0.9999964596882403]"[latinmodern-math.otf]/OT:scri
pt=math;language=dflt;"
(fontspec)             - 'small caps'  (m/sc) with NFSS spec.: 
(fontspec)             - 'bold' (b/n) with NFSS spec.:
(fontspec)             <->s*[0.9999964596882403]"[latinmodern-math.otf]/OT:scri
pt=math;language=dflt;"
(fontspec)             - 'bold small caps'  (b/sc) with NFSS spec.: 

LaTeX Font Info:    Font shape `TU/latinmodern-math.otf(0)/m/n' will be
(Font)              scaled to size 10.0pt on input line 79.

Package fontspec Info: latinmodern-math scale = 0.9999964596882403.


Package fontspec Info: latinmodern-math scale = 0.9999964596882403.


Package fontspec Info: latinmodern-math scale = 0.9999964596882403.


Package fontspec Info: latinmodern-math scale = 0.9999964596882403.


Package fontspec Info: latinmodern-math scale = 0.9999964596882403.


Package fontspec Info: Font family 'latinmodern-math.otf(1)' created for font
(fontspec)             'latinmodern-math.otf' with options
(fontspec)             [Scale=MatchLowercase,BoldItalicFont={},ItalicFont={},Sm
allCapsFont={},Script=Math,SizeFeatures={{Size=8.5-},{Size=6-8.5,Font=latinmode
rn-math.otf,Style=MathScript},{Size=-6,Font=latinmodern-math.otf,Style=MathScri
ptScript}},BoldFont={latinmodern-math.otf}].
(fontspec)              
(fontspec)              This font family consists of the following NFSS
(fontspec)             series/shapes:
(fontspec)              
(fontspec)             - 'normal' (m/n) with NFSS spec.:
(fontspec)             <8.5->s*[0.9999964596882403]"[latinmodern-math.otf]/OT:s
cript=math;language=dflt;"<6-8.5>s*[0.9999964596882403]"[latinmodern-math.otf]/
OT:script=math;language=dflt;+ssty=0;"<-6>s*[0.9999964596882403]"[latinmodern-m
ath.otf]/OT:script=math;language=dflt;+ssty=1;"
(fontspec)             - 'small caps'  (m/sc) with NFSS spec.: 
(fontspec)             - 'bold' (b/n) with NFSS spec.:
(fontspec)             <->s*[0.9999964596882403]"[latinmodern-math.otf]/OT:scri
pt=math;language=dflt;"
(fontspec)             - 'bold small caps'  (b/sc) with NFSS spec.: 

LaTeX Font Info:    Font shape `TU/latinmodern-math.otf(1)/m/n' will be
(Font)              scaled to size 10.0pt on input line 79.
LaTeX Font Info:    Encoding `OT1' has changed to `TU' for symbol font
(Font)              `operators' in the math version `normal' on input line 79.
LaTeX Font Info:    Overwriting symbol font `operators' in version `normal'
(Font)                  OT1/lmr/m/n --> TU/latinmodern-math.otf(1)/m/n on input
 line 79.
LaTeX Font Info:    Encoding `OT1' has changed to `TU' for symbol font
(Font)              `operators' in the math version `bold' on input line 79.
LaTeX Font Info:    Overwriting symbol font `operators' in version `bold'
(Font)                  OT1/lmr/bx/n --> TU/latinmodern-math.otf(1)/b/n on inpu
t line 79.

Package fontspec Info: latinmodern-math scale = 0.9999964596882403.


Package fontspec Info: latinmodern-math scale = 1.000096459334209.


Package fontspec Info: latinmodern-math scale = 0.9999964596882403.


Package fontspec Info: latinmodern-math scale = 1.000096459334209.


Package fontspec Info: latinmodern-math scale = 0.9999964596882403.


Package fontspec Info: latinmodern-math scale = 1.000096459334209.


Package fontspec Info: latinmodern-math scale = 0.9999964596882403.


Package fontspec Info: latinmodern-math scale = 1.000096459334209.


Package fontspec Info: latinmodern-math scale = 0.9999964596882403.


Package fontspec Info: latinmodern-math scale = 1.000096459334209.


Package fontspec Info: Font family 'latinmodern-math.otf(2)' created for font
(fontspec)             'latinmodern-math.otf' with options
(fontspec)             [Scale=MatchLowercase,BoldItalicFont={},ItalicFont={},Sm
allCapsFont={},Script=Math,SizeFeatures={{Size=8.5-},{Size=6-8.5,Font=latinmode
rn-math.otf,Style=MathScript},{Size=-6,Font=latinmodern-math.otf,Style=MathScri
ptScript}},BoldFont={latinmodern-math.otf},ScaleAgain=1.0001,FontAdjustment={\f
ontdimen
(fontspec)             8\font =6.77pt\relax \fontdimen 9\font =3.94pt\relax
(fontspec)             \fontdimen 10\font =4.44pt\relax \fontdimen 11\font
(fontspec)             =6.86pt\relax \fontdimen 12\font =3.45pt\relax
(fontspec)             \fontdimen 13\font =3.63pt\relax \fontdimen 14\font
(fontspec)             =3.63pt\relax \fontdimen 15\font =2.89pt\relax
(fontspec)             \fontdimen 16\font =2.47pt\relax \fontdimen 17\font
(fontspec)             =2.47pt\relax \fontdimen 18\font =2.5pt\relax
(fontspec)             \fontdimen 19\font =2.0pt\relax \fontdimen 22\font
(fontspec)             =2.5pt\relax \fontdimen 20\font =0pt\relax \fontdimen
(fontspec)             21\font =0pt\relax }].
(fontspec)              
(fontspec)              This font family consists of the following NFSS
(fontspec)             series/shapes:
(fontspec)              
(fontspec)             - 'normal' (m/n) with NFSS spec.:
(fontspec)             <8.5->s*[1.000096459334209]"[latinmodern-math.otf]/OT:sc
ript=math;language=dflt;"<6-8.5>s*[1.000096459334209]"[latinmodern-math.otf]/OT
:script=math;language=dflt;+ssty=0;"<-6>s*[1.000096459334209]"[latinmodern-math
.otf]/OT:script=math;language=dflt;+ssty=1;"
(fontspec)             - 'small caps'  (m/sc) with NFSS spec.: 
(fontspec)             and font adjustment code:
(fontspec)             \fontdimen 8\font =6.77pt\relax \fontdimen 9\font
(fontspec)             =3.94pt\relax \fontdimen 10\font =4.44pt\relax
(fontspec)             \fontdimen 11\font =6.86pt\relax \fontdimen 12\font
(fontspec)             =3.45pt\relax \fontdimen 13\font =3.63pt\relax
(fontspec)             \fontdimen 14\font =3.63pt\relax \fontdimen 15\font
(fontspec)             =2.89pt\relax \fontdimen 16\font =2.47pt\relax
(fontspec)             \fontdimen 17\font =2.47pt\relax \fontdimen 18\font
(fontspec)             =2.5pt\relax \fontdimen 19\font =2.0pt\relax \fontdimen
(fontspec)             22\font =2.5pt\relax \fontdimen 20\font =0pt\relax
(fontspec)             \fontdimen 21\font =0pt\relax 
(fontspec)             - 'bold' (b/n) with NFSS spec.:
(fontspec)             <->s*[1.000096459334209]"[latinmodern-math.otf]/OT:scrip
t=math;language=dflt;"
(fontspec)             - 'bold small caps'  (b/sc) with NFSS spec.: 
(fontspec)             and font adjustment code:
(fontspec)             \fontdimen 8\font =6.77pt\relax \fontdimen 9\font
(fontspec)             =3.94pt\relax \fontdimen 10\font =4.44pt\relax
(fontspec)             \fontdimen 11\font =6.86pt\relax \fontdimen 12\font
(fontspec)             =3.45pt\relax \fontdimen 13\font =3.63pt\relax
(fontspec)             \fontdimen 14\font =3.63pt\relax \fontdimen 15\font
(fontspec)             =2.89pt\relax \fontdimen 16\font =2.47pt\relax
(fontspec)             \fontdimen 17\font =2.47pt\relax \fontdimen 18\font
(fontspec)             =2.5pt\relax \fontdimen 19\font =2.0pt\relax \fontdimen
(fontspec)             22\font =2.5pt\relax \fontdimen 20\font =0pt\relax
(fontspec)             \fontdimen 21\font =0pt\relax 

LaTeX Font Info:    Encoding `OMS' has changed to `TU' for symbol font
(Font)              `symbols' in the math version `normal' on input line 79.
LaTeX Font Info:    Overwriting symbol font `symbols' in version `normal'
(Font)                  OMS/lmsy/m/n --> TU/latinmodern-math.otf(2)/m/n on inpu
t line 79.
LaTeX Font Info:    Encoding `OMS' has changed to `TU' for symbol font
(Font)              `symbols' in the math version `bold' on input line 79.
LaTeX Font Info:    Overwriting symbol font `symbols' in version `bold'
(Font)                  OMS/lmsy/b/n --> TU/latinmodern-math.otf(2)/b/n on inpu
t line 79.

Package fontspec Info: latinmodern-math scale = 0.9999964596882403.


Package fontspec Info: latinmodern-math scale = 0.9998964600422715.


Package fontspec Info: latinmodern-math scale = 0.9999964596882403.


Package fontspec Info: latinmodern-math scale = 0.9998964600422715.


Package fontspec Info: latinmodern-math scale = 0.9999964596882403.


Package fontspec Info: latinmodern-math scale = 0.9998964600422715.


Package fontspec Info: latinmodern-math scale = 0.9999964596882403.


Package fontspec Info: latinmodern-math scale = 0.9998964600422715.


Package fontspec Info: latinmodern-math scale = 0.9999964596882403.


Package fontspec Info: latinmodern-math scale = 0.9998964600422715.


Package fontspec Info: Font family 'latinmodern-math.otf(3)' created for font
(fontspec)             'latinmodern-math.otf' with options
(fontspec)             [Scale=MatchLowercase,BoldItalicFont={},ItalicFont={},Sm
allCapsFont={},Script=Math,SizeFeatures={{Size=8.5-},{Size=6-8.5,Font=latinmode
rn-math.otf,Style=MathScript},{Size=-6,Font=latinmodern-math.otf,Style=MathScri
ptScript}},BoldFont={latinmodern-math.otf},ScaleAgain=0.9999,FontAdjustment={\f
ontdimen
(fontspec)             8\font =0.4pt\relax \fontdimen 9\font =2.0pt\relax
(fontspec)             \fontdimen 10\font =1.67pt\relax \fontdimen 11\font
(fontspec)             =1.11pt\relax \fontdimen 12\font =6.0pt\relax
(fontspec)             \fontdimen 13\font =0pt\relax }].
(fontspec)              
(fontspec)              This font family consists of the following NFSS
(fontspec)             series/shapes:
(fontspec)              
(fontspec)             - 'normal' (m/n) with NFSS spec.:
(fontspec)             <8.5->s*[0.9998964600422715]"[latinmodern-math.otf]/OT:s
cript=math;language=dflt;"<6-8.5>s*[0.9998964600422715]"[latinmodern-math.otf]/
OT:script=math;language=dflt;+ssty=0;"<-6>s*[0.9998964600422715]"[latinmodern-m
ath.otf]/OT:script=math;language=dflt;+ssty=1;"
(fontspec)             - 'small caps'  (m/sc) with NFSS spec.: 
(fontspec)             and font adjustment code:
(fontspec)             \fontdimen 8\font =0.4pt\relax \fontdimen 9\font
(fontspec)             =2.0pt\relax \fontdimen 10\font =1.67pt\relax
(fontspec)             \fontdimen 11\font =1.11pt\relax \fontdimen 12\font
(fontspec)             =6.0pt\relax \fontdimen 13\font =0pt\relax 
(fontspec)             - 'bold' (b/n) with NFSS spec.:
(fontspec)             <->s*[0.9998964600422715]"[latinmodern-math.otf]/OT:scri
pt=math;language=dflt;"
(fontspec)             - 'bold small caps'  (b/sc) with NFSS spec.: 
(fontspec)             and font adjustment code:
(fontspec)             \fontdimen 8\font =0.4pt\relax \fontdimen 9\font
(fontspec)             =2.0pt\relax \fontdimen 10\font =1.67pt\relax
(fontspec)             \fontdimen 11\font =1.11pt\relax \fontdimen 12\font
(fontspec)             =6.0pt\relax \fontdimen 13\font =0pt\relax 

LaTeX Font Info:    Encoding `OMX' has changed to `TU' for symbol font
(Font)              `largesymbols' in the math version `normal' on input line 7
9.
LaTeX Font Info:    Overwriting symbol font `largesymbols' in version `normal'
(Font)                  OMX/lmex/m/n --> TU/latinmodern-math.otf(3)/m/n on inpu
t line 79.
LaTeX Font Info:    Encoding `OMX' has changed to `TU' for symbol font
(Font)              `largesymbols' in the math version `bold' on input line 79.

LaTeX Font Info:    Overwriting symbol font `largesymbols' in version `bold'
(Font)                  OMX/lmex/m/n --> TU/latinmodern-math.otf(3)/b/n on inpu
t line 79.
LaTeX Info: Redefining \microtypecontext on input line 79.
Package microtype Info: Character protrusion enabled (level 2).
Package microtype Info: Using protrusion set `basicmath'.
Package microtype Info: No adjustment of tracking.
Package microtype Info: No adjustment of spacing.
Package microtype Info: No adjustment of kerning.

(c:/Users/jm/AppData/Roaming/TinyTeX/texmf-dist/tex/latex/microtype/mt-LatinMod
ernRoman.cfg
File: mt-LatinModernRoman.cfg 2013/03/13 v1.0 microtype config. file: Latin Mod
ern Roman (RS)
)
Package hyperref Info: Link coloring OFF on input line 79.
(c:/Users/jm/AppData/Roaming/TinyTeX/texmf-dist/tex/latex/hyperref/nameref.sty
Package: nameref 2019/09/16 v2.46 Cross-referencing by name of section

(c:/Users/jm/AppData/Roaming/TinyTeX/texmf-dist/tex/latex/refcount/refcount.sty
Package: refcount 2019/12/15 v3.6 Data extraction from label references (HO)
)
(c:/Users/jm/AppData/Roaming/TinyTeX/texmf-dist/tex/generic/gettitlestring/gett
itlestring.sty
Package: gettitlestring 2019/12/15 v1.6 Cleanup title references (HO)
)
\c@section@level=\count309
)
LaTeX Info: Redefining \ref on input line 79.
LaTeX Info: Redefining \pageref on input line 79.
LaTeX Info: Redefining \nameref on input line 79.
(./Boletin-Orinoquia.out) (./Boletin-Orinoquia.out)
\@outlinefile=\write3
\openout3 = `Boletin-Orinoquia.out'.

*geometry* driver: auto-detecting
*geometry* detected driver: xetex
*geometry* verbose mode - [ preamble ] result:
* driver: xetex
* paper: <default>
* layout: <same size as paper>
* layoutoffset:(h,v)=(0.0pt,0.0pt)
* modes: twoside 
* h-part:(L,W,R)=(85.35826pt, 443.57848pt, 85.35826pt)
* v-part:(T,H,B)=(170.71652pt, 453.53694pt, 170.71652pt)
* \paperwidth=614.295pt
* \paperheight=794.96999pt
* \textwidth=443.57848pt
* \textheight=453.53694pt
* \oddsidemargin=13.08827pt
* \evensidemargin=13.08827pt
* \topmargin=68.37904pt
* \headheight=12.0pt
* \headsep=18.06749pt
* \topskip=10.0pt
* \footskip=25.29494pt
* \marginparwidth=125.0pt
* \marginparsep=7.0pt
* \columnsep=10.0pt
* \skip\footins=9.0pt plus 4.0pt minus 2.0pt
* \hoffset=0.0pt
* \voffset=0.0pt
* \mag=1000
* \@twocolumnfalse
* \@twosidetrue
* \@mparswitchtrue
* \@reversemarginfalse
* (1in=72.27pt=25.4mm, 1cm=28.453pt)

LaTeX Font Info:    Font shape `TU/latinmodern-math.otf(1)/m/n' will be
(Font)              scaled to size 12.0pt on input line 81.
LaTeX Font Info:    Font shape `TU/latinmodern-math.otf(1)/m/n' will be
(Font)              scaled to size 8.0pt on input line 81.
LaTeX Font Info:    Font shape `TU/latinmodern-math.otf(1)/m/n' will be
(Font)              scaled to size 6.0pt on input line 81.
LaTeX Font Info:    Trying to load font information for OML+lmm on input line 8
1.
(c:/Users/jm/AppData/Roaming/TinyTeX/texmf-dist/tex/latex/lm/omllmm.fd
File: omllmm.fd 2009/10/30 v1.6 Font defs for Latin Modern
)
LaTeX Font Info:    Font shape `TU/latinmodern-math.otf(2)/m/n' will be
(Font)              scaled to size 12.0011pt on input line 81.
LaTeX Font Info:    Font shape `TU/latinmodern-math.otf(2)/m/n' will be
(Font)              scaled to size 8.00073pt on input line 81.
LaTeX Font Info:    Font shape `TU/latinmodern-math.otf(2)/m/n' will be
(Font)              scaled to size 6.00055pt on input line 81.
LaTeX Font Info:    Font shape `TU/latinmodern-math.otf(3)/m/n' will be
(Font)              scaled to size 11.99872pt on input line 81.
LaTeX Font Info:    Font shape `TU/latinmodern-math.otf(3)/m/n' will be
(Font)              scaled to size 7.99915pt on input line 81.
LaTeX Font Info:    Font shape `TU/latinmodern-math.otf(3)/m/n' will be
(Font)              scaled to size 5.99936pt on input line 81.
LaTeX Font Info:    Trying to load font information for U+msa on input line 81.

(c:/Users/jm/AppData/Roaming/TinyTeX/texmf-dist/tex/latex/amsfonts/umsa.fd
File: umsa.fd 2013/01/14 v3.01 AMS symbols A
) (c:/Users/jm/AppData/Roaming/TinyTeX/texmf-dist/tex/latex/microtype/mt-msa.cf
g
File: mt-msa.cfg 2006/02/04 v1.1 microtype config. file: AMS symbols (a) (RS)
)
LaTeX Font Info:    Trying to load font information for U+msb on input line 81.

(c:/Users/jm/AppData/Roaming/TinyTeX/texmf-dist/tex/latex/amsfonts/umsb.fd
File: umsb.fd 2013/01/14 v3.01 AMS symbols B
) (c:/Users/jm/AppData/Roaming/TinyTeX/texmf-dist/tex/latex/microtype/mt-msb.cf
g
File: mt-msb.cfg 2005/06/01 v1.0 microtype config. file: AMS symbols (b) (RS)
) [1


] [2

] (./Boletin-Orinoquia.toc
LaTeX Font Info:    Font shape `TU/latinmodern-math.otf(1)/m/n' will be
(Font)              scaled to size 7.0pt on input line 4.
LaTeX Font Info:    Font shape `TU/latinmodern-math.otf(1)/m/n' will be
(Font)              scaled to size 5.0pt on input line 4.
LaTeX Font Info:    Font shape `TU/latinmodern-math.otf(2)/m/n' will be
(Font)              scaled to size 10.00092pt on input line 4.
LaTeX Font Info:    Font shape `TU/latinmodern-math.otf(2)/m/n' will be
(Font)              scaled to size 7.00064pt on input line 4.
LaTeX Font Info:    Font shape `TU/latinmodern-math.otf(2)/m/n' will be
(Font)              scaled to size 5.00046pt on input line 4.
LaTeX Font Info:    Font shape `TU/latinmodern-math.otf(3)/m/n' will be
(Font)              scaled to size 9.99893pt on input line 4.
LaTeX Font Info:    Font shape `TU/latinmodern-math.otf(3)/m/n' will be
(Font)              scaled to size 6.99925pt on input line 4.
LaTeX Font Info:    Font shape `TU/latinmodern-math.otf(3)/m/n' will be
(Font)              scaled to size 4.99947pt on input line 4.
[3])
\tf@toc=\write4
\openout4 = `Boletin-Orinoquia.toc'.

[4] [5

] [6

] [7] [8

] [9] [10]
Underfull \vbox (badness 1178) has occurred while \output is active []

[11] [12]
Chapter 1.
[13

] [14

]
Chapter 2.
[15]

LaTeX Warning: Reference `fig:F1AspPre' on page 16 undefined on input line 247.


File: Boletin-Orinoquia_files/figure-latex/F1AspPre-1.pdf Graphic file (type pd
f)
<use Boletin-Orinoquia_files/figure-latex/F1AspPre-1.pdf>

Underfull \vbox (badness 10000) has occurred while \output is active []

[16]

LaTeX Warning: Reference `fig:F2AspPre' on page 17 undefined on input line 254.



LaTeX Warning: Reference `fig:F3AspPre' on page 17 undefined on input line 254.


File: Boletin-Orinoquia_files/figure-latex/F2AspPre-1.pdf Graphic file (type pd
f)
<use Boletin-Orinoquia_files/figure-latex/F2AspPre-1.pdf>
File: Boletin-Orinoquia_files/figure-latex/F3AspPre-1.pdf Graphic file (type pd
f)
<use Boletin-Orinoquia_files/figure-latex/F3AspPre-1.pdf>

Underfull \vbox (badness 10000) has occurred while \output is active []

[17]
Underfull \vbox (badness 10000) has occurred while \output is active []

[18]

LaTeX Warning: Reference `fig:F4AspPre' on page 19 undefined on input line 262.



LaTeX Warning: Reference `fig:F5AspPre' on page 19 undefined on input line 262.


File: Boletin-Orinoquia_files/figure-latex/F4AspPre-1.pdf Graphic file (type pd
f)
<use Boletin-Orinoquia_files/figure-latex/F4AspPre-1.pdf>
File: Boletin-Orinoquia_files/figure-latex/F5AspPre-1.pdf Graphic file (type pd
f)
<use Boletin-Orinoquia_files/figure-latex/F5AspPre-1.pdf>

Underfull \vbox (badness 10000) has occurred while \output is active []

[19]
Underfull \vbox (badness 10000) has occurred while \output is active []

[20]

LaTeX Warning: Reference `fig:F6AspPre' on page 21 undefined on input line 270.



LaTeX Warning: Reference `fig:F7AspPre' on page 21 undefined on input line 270.


File: Boletin-Orinoquia_files/figure-latex/F6AspPre-1.pdf Graphic file (type pd
f)
<use Boletin-Orinoquia_files/figure-latex/F6AspPre-1.pdf>
File: Boletin-Orinoquia_files/figure-latex/F7AspPre-1.pdf Graphic file (type pd
f)
<use Boletin-Orinoquia_files/figure-latex/F7AspPre-1.pdf>

Underfull \vbox (badness 10000) has occurred while \output is active []

[21]
Underfull \vbox (badness 10000) has occurred while \output is active []

[22]

LaTeX Warning: Reference `fig:F8AspPre' on page 23 undefined on input line 278.



LaTeX Warning: Reference `fig:F9AspPre' on page 23 undefined on input line 278.


File: Boletin-Orinoquia_files/figure-latex/F8AspPre-1.pdf Graphic file (type pd
f)
<use Boletin-Orinoquia_files/figure-latex/F8AspPre-1.pdf>
File: Boletin-Orinoquia_files/figure-latex/F9AspPre-1.pdf Graphic file (type pd
f)
<use Boletin-Orinoquia_files/figure-latex/F9AspPre-1.pdf>

Underfull \vbox (badness 10000) has occurred while \output is active []

[23]
Underfull \vbox (badness 10000) has occurred while \output is active []

[24]
File: Boletin-Orinoquia_files/figure-latex/F10AspPre-1.pdf Graphic file (type p
df)
<use Boletin-Orinoquia_files/figure-latex/F10AspPre-1.pdf>

LaTeX Warning: Float too large for page by 34.11482pt on input line 299.


Underfull \vbox (badness 3838) has occurred while \output is active []

[25]

LaTeX Warning: Reference `fig:F1AdmPre' on page 26 undefined on input line 309.


File: Boletin-Orinoquia_files/figure-latex/F1AdmPre-1.pdf Graphic file (type pd
f)
<use Boletin-Orinoquia_files/figure-latex/F1AdmPre-1.pdf>

Underfull \vbox (badness 10000) has occurred while \output is active []

[26] [27]

LaTeX Warning: Reference `fig:F2AdmPre' on page 28 undefined on input line 316.



LaTeX Warning: Reference `fig:F3AdmPre' on page 28 undefined on input line 316.


File: Boletin-Orinoquia_files/figure-latex/F2AdmPre-1.pdf Graphic file (type pd
f)
<use Boletin-Orinoquia_files/figure-latex/F2AdmPre-1.pdf>
File: Boletin-Orinoquia_files/figure-latex/F3AdmPre-1.pdf Graphic file (type pd
f)
<use Boletin-Orinoquia_files/figure-latex/F3AdmPre-1.pdf>

Underfull \vbox (badness 10000) has occurred while \output is active []

[28]
Underfull \vbox (badness 10000) has occurred while \output is active []

[29]

LaTeX Warning: Reference `fig:F4AdmPre' on page 30 undefined on input line 324.



LaTeX Warning: Reference `fig:F5AdmPre' on page 30 undefined on input line 324.


File: Boletin-Orinoquia_files/figure-latex/F4AdmPre-1.pdf Graphic file (type pd
f)
<use Boletin-Orinoquia_files/figure-latex/F4AdmPre-1.pdf>
File: Boletin-Orinoquia_files/figure-latex/F5AdmPre-1.pdf Graphic file (type pd
f)
<use Boletin-Orinoquia_files/figure-latex/F5AdmPre-1.pdf>

Underfull \vbox (badness 10000) has occurred while \output is active []

[30]
Underfull \vbox (badness 10000) has occurred while \output is active []

[31]

LaTeX Warning: Reference `fig:F6AdmPre' on page 32 undefined on input line 332.



LaTeX Warning: Reference `fig:F7AdmPre' on page 32 undefined on input line 332.


File: Boletin-Orinoquia_files/figure-latex/F6AdmPre-1.pdf Graphic file (type pd
f)
<use Boletin-Orinoquia_files/figure-latex/F6AdmPre-1.pdf>
File: Boletin-Orinoquia_files/figure-latex/F7AdmPre-1.pdf Graphic file (type pd
f)
<use Boletin-Orinoquia_files/figure-latex/F7AdmPre-1.pdf>

Underfull \vbox (badness 10000) has occurred while \output is active []

[32]
Underfull \vbox (badness 10000) has occurred while \output is active []

[33]

LaTeX Warning: Reference `fig:F8AdmPre' on page 34 undefined on input line 347.


[34]
File: Boletin-Orinoquia_files/figure-latex/F8AdmPre-1.pdf Graphic file (type pd
f)
<use Boletin-Orinoquia_files/figure-latex/F8AdmPre-1.pdf>

Underfull \vbox (badness 10000) has occurred while \output is active []

[35]
Underfull \vbox (badness 10000) has occurred while \output is active []

[36]
File: Boletin-Orinoquia_files/figure-latex/F9AdmPre-1.pdf Graphic file (type pd
f)
<use Boletin-Orinoquia_files/figure-latex/F9AdmPre-1.pdf>

LaTeX Warning: Float too large for page by 34.11104pt on input line 360.

[37] [38]
Chapter 3.
[39

]
File: Boletin-Orinoquia_files/figure-latex/F1MatPre-1.pdf Graphic file (type pd
f)
<use Boletin-Orinoquia_files/figure-latex/F1MatPre-1.pdf>
[40]
File: Boletin-Orinoquia_files/figure-latex/F2MatPre-1.pdf Graphic file (type pd
f)
<use Boletin-Orinoquia_files/figure-latex/F2MatPre-1.pdf>
File: Boletin-Orinoquia_files/figure-latex/F3MatPre-1.pdf Graphic file (type pd
f)
<use Boletin-Orinoquia_files/figure-latex/F3MatPre-1.pdf>
File: Boletin-Orinoquia_files/figure-latex/F4MatPre-1.pdf Graphic file (type pd
f)
<use Boletin-Orinoquia_files/figure-latex/F4MatPre-1.pdf>
File: Boletin-Orinoquia_files/figure-latex/F5MatPre-1.pdf Graphic file (type pd
f)
<use Boletin-Orinoquia_files/figure-latex/F5MatPre-1.pdf>
File: Boletin-Orinoquia_files/figure-latex/F6MatPre-1.pdf Graphic file (type pd
f)
<use Boletin-Orinoquia_files/figure-latex/F6MatPre-1.pdf>
File: Boletin-Orinoquia_files/figure-latex/F7MatPre-1.pdf Graphic file (type pd
f)
<use Boletin-Orinoquia_files/figure-latex/F7MatPre-1.pdf>
File: Boletin-Orinoquia_files/figure-latex/F8MatPre-1.pdf Graphic file (type pd
f)
<use Boletin-Orinoquia_files/figure-latex/F8MatPre-1.pdf>
File: Boletin-Orinoquia_files/figure-latex/F9MatPre-1.pdf Graphic file (type pd
f)
<use Boletin-Orinoquia_files/figure-latex/F9MatPre-1.pdf>
File: Boletin-Orinoquia_files/figure-latex/F10MatPre-1.pdf Graphic file (type p
df)
<use Boletin-Orinoquia_files/figure-latex/F10MatPre-1.pdf>
File: Boletin-Orinoquia_files/figure-latex/F11MatPre-1.pdf Graphic file (type p
df)
<use Boletin-Orinoquia_files/figure-latex/F11MatPre-1.pdf>
[41] [42] [43] [44] [45] [46] [47] [48] [49] [50] [51] [52]
File: Boletin-Orinoquia_files/figure-latex/F12MatPre-1.pdf Graphic file (type p
df)
<use Boletin-Orinoquia_files/figure-latex/F12MatPre-1.pdf>

LaTeX Warning: Float too large for page by 34.11104pt on input line 516.

File: Boletin-Orinoquia_files/figure-latex/F13MatPre-1.pdf Graphic file (type p
df)
<use Boletin-Orinoquia_files/figure-latex/F13MatPre-1.pdf>

LaTeX Warning: Float too large for page by 34.11104pt on input line 527.

File: Boletin-Orinoquia_files/figure-latex/F1MatPreFI-1.pdf Graphic file (type 
pdf)
<use Boletin-Orinoquia_files/figure-latex/F1MatPreFI-1.pdf>
[53] [54] [55] [56]
File: Boletin-Orinoquia_files/figure-latex/F2MatPreFI-1.pdf Graphic file (type 
pdf)
<use Boletin-Orinoquia_files/figure-latex/F2MatPreFI-1.pdf>
File: Boletin-Orinoquia_files/figure-latex/F3MatPreFI-1.pdf Graphic file (type 
pdf)
<use Boletin-Orinoquia_files/figure-latex/F3MatPreFI-1.pdf>
File: Boletin-Orinoquia_files/figure-latex/F4MatPreFI-1.pdf Graphic file (type 
pdf)
<use Boletin-Orinoquia_files/figure-latex/F4MatPreFI-1.pdf>
File: Boletin-Orinoquia_files/figure-latex/F5MatPreFI-1.pdf Graphic file (type 
pdf)
<use Boletin-Orinoquia_files/figure-latex/F5MatPreFI-1.pdf>
File: Boletin-Orinoquia_files/figure-latex/F6MatPreFI-1.pdf Graphic file (type 
pdf)
<use Boletin-Orinoquia_files/figure-latex/F6MatPreFI-1.pdf>
File: Boletin-Orinoquia_files/figure-latex/F7MatPreFI-1.pdf Graphic file (type 
pdf)
<use Boletin-Orinoquia_files/figure-latex/F7MatPreFI-1.pdf>
File: Boletin-Orinoquia_files/figure-latex/F8MatPreFI-1.pdf Graphic file (type 
pdf)
<use Boletin-Orinoquia_files/figure-latex/F8MatPreFI-1.pdf>
File: Boletin-Orinoquia_files/figure-latex/F9MatPreFI-1.pdf Graphic file (type 
pdf)
<use Boletin-Orinoquia_files/figure-latex/F9MatPreFI-1.pdf>
File: Boletin-Orinoquia_files/figure-latex/F10MatPreFI-1.pdf Graphic file (type
 pdf)
<use Boletin-Orinoquia_files/figure-latex/F10MatPreFI-1.pdf>

LaTeX Warning: Float too large for page by 34.11104pt on input line 629.

[57] [58] [59] [60] [61] [62] [63] [64] [65]
File: Boletin-Orinoquia_files/figure-latex/F11MatPreFI-1.pdf Graphic file (type
 pdf)
<use Boletin-Orinoquia_files/figure-latex/F11MatPreFI-1.pdf>

LaTeX Warning: Float too large for page by 34.11093pt on input line 640.

File: Boletin-Orinoquia_files/figure-latex/F1MatPreFM-1.pdf Graphic file (type 
pdf)
<use Boletin-Orinoquia_files/figure-latex/F1MatPreFM-1.pdf>
File: Boletin-Orinoquia_files/figure-latex/F2MatPreFM-1.pdf Graphic file (type 
pdf)
<use Boletin-Orinoquia_files/figure-latex/F2MatPreFM-1.pdf>
File: Boletin-Orinoquia_files/figure-latex/F3MatPreFM-1.pdf Graphic file (type 
pdf)
<use Boletin-Orinoquia_files/figure-latex/F3MatPreFM-1.pdf>
File: Boletin-Orinoquia_files/figure-latex/F4MatPreFM-1.pdf Graphic file (type 
pdf)
<use Boletin-Orinoquia_files/figure-latex/F4MatPreFM-1.pdf>
File: Boletin-Orinoquia_files/figure-latex/F5MatPreFM-1.pdf Graphic file (type 
pdf)
<use Boletin-Orinoquia_files/figure-latex/F5MatPreFM-1.pdf>
[66] [67] [68] [69] [70] [71] [72] [73]
File: Boletin-Orinoquia_files/figure-latex/F6MatPreFM-1.pdf Graphic file (type 
pdf)
<use Boletin-Orinoquia_files/figure-latex/F6MatPreFM-1.pdf>
File: Boletin-Orinoquia_files/figure-latex/F7MatPreFM-1.pdf Graphic file (type 
pdf)
<use Boletin-Orinoquia_files/figure-latex/F7MatPreFM-1.pdf>
File: Boletin-Orinoquia_files/figure-latex/F8MatPreFM-1.pdf Graphic file (type 
pdf)
<use Boletin-Orinoquia_files/figure-latex/F8MatPreFM-1.pdf>
File: Boletin-Orinoquia_files/figure-latex/F9MatPreFM-1.pdf Graphic file (type 
pdf)
<use Boletin-Orinoquia_files/figure-latex/F9MatPreFM-1.pdf>
File: Boletin-Orinoquia_files/figure-latex/F10MatPreFM-1.pdf Graphic file (type
 pdf)
<use Boletin-Orinoquia_files/figure-latex/F10MatPreFM-1.pdf>

LaTeX Warning: Float too large for page by 34.11482pt on input line 742.

File: Boletin-Orinoquia_files/figure-latex/F11MatPreFM-1.pdf Graphic file (type
 pdf)
<use Boletin-Orinoquia_files/figure-latex/F11MatPreFM-1.pdf>

LaTeX Warning: Float too large for page by 34.11093pt on input line 753.

[74] [75] [76] [77] [78] [79] [80]
Chapter 4.
[81

]

LaTeX Warning: Reference `fig:F1GraPre' on page 82 undefined on input line 791.


File: Boletin-Orinoquia_files/figure-latex/F1GraPre-1.pdf Graphic file (type pd
f)
<use Boletin-Orinoquia_files/figure-latex/F1GraPre-1.pdf>

Underfull \vbox (badness 7685) has occurred while \output is active []

[82]

LaTeX Warning: Reference `fig:F2GraPre' on page 83 undefined on input line 798.



LaTeX Warning: Reference `fig:F3GraPre' on page 83 undefined on input line 798.


File: Boletin-Orinoquia_files/figure-latex/F2GraPre-1.pdf Graphic file (type pd
f)
<use Boletin-Orinoquia_files/figure-latex/F2GraPre-1.pdf>
File: Boletin-Orinoquia_files/figure-latex/F3GraPre-1.pdf Graphic file (type pd
f)
<use Boletin-Orinoquia_files/figure-latex/F3GraPre-1.pdf>

Underfull \vbox (badness 10000) has occurred while \output is active []

[83]
Underfull \vbox (badness 10000) has occurred while \output is active []

[84]

LaTeX Warning: Reference `fig:F4GraPre' on page 85 undefined on input line 806.



LaTeX Warning: Reference `fig:F5GraPre' on page 85 undefined on input line 806.


File: Boletin-Orinoquia_files/figure-latex/F4GraPre-1.pdf Graphic file (type pd
f)
<use Boletin-Orinoquia_files/figure-latex/F4GraPre-1.pdf>
File: Boletin-Orinoquia_files/figure-latex/F5GraPre-1.pdf Graphic file (type pd
f)
<use Boletin-Orinoquia_files/figure-latex/F5GraPre-1.pdf>

Underfull \vbox (badness 10000) has occurred while \output is active []

[85]
Underfull \vbox (badness 10000) has occurred while \output is active []

[86]

LaTeX Warning: Reference `fig:F6GraPre' on page 87 undefined on input line 814.



LaTeX Warning: Reference `fig:F7GraPre' on page 87 undefined on input line 814.


File: Boletin-Orinoquia_files/figure-latex/F6GraPre-1.pdf Graphic file (type pd
f)
<use Boletin-Orinoquia_files/figure-latex/F6GraPre-1.pdf>
File: Boletin-Orinoquia_files/figure-latex/F7GraPre-1.pdf Graphic file (type pd
f)
<use Boletin-Orinoquia_files/figure-latex/F7GraPre-1.pdf>

Underfull \vbox (badness 10000) has occurred while \output is active []

[87]
Underfull \vbox (badness 10000) has occurred while \output is active []

[88]

LaTeX Warning: Reference `fig:F8GraPre' on page 89 undefined on input line 822.



LaTeX Warning: Reference `fig:F9GraPre' on page 89 undefined on input line 822.


File: Boletin-Orinoquia_files/figure-latex/F8GraPre-1.pdf Graphic file (type pd
f)
<use Boletin-Orinoquia_files/figure-latex/F8GraPre-1.pdf>
File: Boletin-Orinoquia_files/figure-latex/F9GraPre-1.pdf Graphic file (type pd
f)
<use Boletin-Orinoquia_files/figure-latex/F9GraPre-1.pdf>

Underfull \vbox (badness 10000) has occurred while \output is active []

[89]
Underfull \vbox (badness 10000) has occurred while \output is active []

[90]
File: Boletin-Orinoquia_files/figure-latex/F10GraPre-1.pdf Graphic file (type p
df)
<use Boletin-Orinoquia_files/figure-latex/F10GraPre-1.pdf>

LaTeX Warning: Float too large for page by 34.22433pt on input line 843.

[91]
File: Boletin-Orinoquia_files/figure-latex/F11GraPre-1.pdf Graphic file (type p
df)
<use Boletin-Orinoquia_files/figure-latex/F11GraPre-1.pdf>

LaTeX Warning: Float too large for page by 34.23285pt on input line 854.

[92] [93] [94]
Chapter 5.
[95

]

LaTeX Warning: Reference `fig:F1DocCar' on page 96 undefined on input line 896.


File: Boletin-Orinoquia_files/figure-latex/F1DocCar-1.pdf Graphic file (type pd
f)
<use Boletin-Orinoquia_files/figure-latex/F1DocCar-1.pdf>

Underfull \vbox (badness 10000) has occurred while \output is active []

[96]

LaTeX Warning: Reference `fig:F3DocCar' on page 97 undefined on input line 903.


File: Boletin-Orinoquia_files/figure-latex/F2DocCar-1.pdf Graphic file (type pd
f)
<use Boletin-Orinoquia_files/figure-latex/F2DocCar-1.pdf>
File: Boletin-Orinoquia_files/figure-latex/F3DocCar-1.pdf Graphic file (type pd
f)
<use Boletin-Orinoquia_files/figure-latex/F3DocCar-1.pdf>

Underfull \vbox (badness 10000) has occurred while \output is active []

[97] [98]

LaTeX Warning: Reference `fig:F5DocCar' on page 99 undefined on input line 916.


File: Boletin-Orinoquia_files/figure-latex/F4DocCar-1.pdf Graphic file (type pd
f)
<use Boletin-Orinoquia_files/figure-latex/F4DocCar-1.pdf>
File: Boletin-Orinoquia_files/figure-latex/F5DocCar-1.pdf Graphic file (type pd
f)
<use Boletin-Orinoquia_files/figure-latex/F5DocCar-1.pdf>

Underfull \vbox (badness 10000) has occurred while \output is active []

[99] [100]
File: Boletin-Orinoquia_files/figure-latex/F6DocCar-1.pdf Graphic file (type pd
f)
<use Boletin-Orinoquia_files/figure-latex/F6DocCar-1.pdf>
File: Boletin-Orinoquia_files/figure-latex/F7DocCar-1.pdf Graphic file (type pd
f)
<use Boletin-Orinoquia_files/figure-latex/F7DocCar-1.pdf>
[101] [102] [103] [104

]
Chapter 6.
[105]

LaTeX Warning: Reference `fig:F1AdmiCar' on page 106 undefined on input line 98
7.

File: Boletin-Orinoquia_files/figure-latex/F1AdmiCar-1.pdf Graphic file (type p
df)
<use Boletin-Orinoquia_files/figure-latex/F1AdmiCar-1.pdf>

Underfull \vbox (badness 10000) has occurred while \output is active []

[106]

LaTeX Warning: Reference `fig:F3AdmiCar' on page 107 undefined on input line 99
4.

File: Boletin-Orinoquia_files/figure-latex/F2AdmiCar-1.pdf Graphic file (type p
df)
<use Boletin-Orinoquia_files/figure-latex/F2AdmiCar-1.pdf>
File: Boletin-Orinoquia_files/figure-latex/F3AdmiCar-1.pdf Graphic file (type p
df)
<use Boletin-Orinoquia_files/figure-latex/F3AdmiCar-1.pdf>

Underfull \vbox (badness 10000) has occurred while \output is active []

[107] [108]

LaTeX Warning: Reference `fig:F5AdmiCar' on page 109 undefined on input line 10
07.

File: Boletin-Orinoquia_files/figure-latex/F4AdmiCar-1.pdf Graphic file (type p
df)
<use Boletin-Orinoquia_files/figure-latex/F4AdmiCar-1.pdf>
File: Boletin-Orinoquia_files/figure-latex/F5AdmiCar-1.pdf Graphic file (type p
df)
<use Boletin-Orinoquia_files/figure-latex/F5AdmiCar-1.pdf>

Underfull \vbox (badness 10000) has occurred while \output is active []

[109] [110]
File: Boletin-Orinoquia_files/figure-latex/F6AdmiCar-1.pdf Graphic file (type p
df)
<use Boletin-Orinoquia_files/figure-latex/F6AdmiCar-1.pdf>
File: Boletin-Orinoquia_files/figure-latex/F7AdmiCar-1.pdf Graphic file (type p
df)
<use Boletin-Orinoquia_files/figure-latex/F7AdmiCar-1.pdf>
[111] [112] [113] [114

]
Chapter 7.
[115] [116

]
Chapter 8.
No file Boletin-Orinoquia.bbl.
[117] (./Boletin-Orinoquia.aux)

LaTeX Warning: There were undefined references.

Package rerunfilecheck Info: File `Boletin-Orinoquia.out' has not changed.
(rerunfilecheck)             Checksum: CFC8BE1D9B5D22D5947692D9AE54A005;4475.
 ) 
Here is how much of TeX's memory you used:
 19024 strings out of 479212
 352037 string characters out of 5873009
 824564 words of memory out of 5000000
 38252 multiletter control sequences out of 15000+600000
 409889 words of font info for 81 fonts, out of 8000000 for 9000
 14 hyphenation exceptions out of 8191
 98i,6n,122p,1129b,406s stack positions out of 5000i,500n,10000p,200000b,80000s

Output written on Boletin-Orinoquia.pdf (117 pages).
